Z:\WORKSPACE\CODE\SMARTVC\SMARTVC_PLATFORM\SMARTVC\DEBUG\VC110.PDB
Z:\WORKSPACE\CODE\SMARTVC\SMARTVC_PLATFORM\SMARTVC\DEBUG\SMARTVC.PCH
Z:\WORKSPACE\CODE\SMARTVC\SMARTVC_PLATFORM\SMARTVC\DEBUG\STDAFX.OBJ
Z:\WORKSPACE\CODE\SMARTVC\SMARTVC_PLATFORM\SMARTVC\DEBUG\SMARTVC.OBJ
Z:\WORKSPACE\CODE\SMARTVC\SMARTVC_PLATFORM\SMARTVC\DEBUG\LOG.OBJ
Z:\WORKSPACE\CODE\SMARTVC\SMARTVC_PLATFORM\SMARTVC\DEBUG\BASE64.OBJ
Z:\WORKSPACE\CODE\SMARTVC\SMARTVC_PLATFORM\SMARTVC\DEBUG\STRFUNC.OBJ
Z:\WORKSPACE\CODE\SMARTVC\SMARTVC_PLATFORM\SMARTVC\DEBUG\SYSTEM_SIGNAL.OBJ
Z:\WORKSPACE\CODE\SMARTVC\SMARTVC_PLATFORM\SMARTVC\DEBUG\FILEFUNC.OBJ
Z:\WORKSPACE\CODE\SMARTVC\SMARTVC_PLATFORM\SMARTVC\DEBUG\CJSON.OBJ
Z:\WORKSPACE\CODE\SMARTVC\SMARTVC_PLATFORM\SMARTVC\DEBUG\INIRW.OBJ
Z:\WORKSPACE\CODE\SMARTVC\SMARTVC_PLATFORM\SMARTVC\DEBUG\SMARTVC.ILK
Z:\WORKSPACE\CODE\SMARTVC\SMARTVC_PLATFORM\SMARTVC\DEBUG\SMARTVC.EXE
Z:\WORKSPACE\CODE\SMARTVC\SMARTVC_PLATFORM\SMARTVC\DEBUG\SMARTVC.PDB
Z:\workspace\code\SmartVC\SmartVC_platform\SmartVC\Debug\system_signal.obj
Z:\workspace\code\SmartVC\SmartVC_platform\SmartVC\Debug\inirw.obj
Z:\workspace\code\SmartVC\SmartVC_platform\SmartVC\Debug\base64.obj
Z:\workspace\code\SmartVC\SmartVC_platform\SmartVC\Debug\stdafx.obj
Z:\workspace\code\SmartVC\SmartVC_platform\SmartVC\Debug\log.obj
Z:\workspace\code\SmartVC\SmartVC_platform\SmartVC\Debug\SmartVC.obj
Z:\workspace\code\SmartVC\SmartVC_platform\SmartVC\Debug\cJSON.obj
Z:\workspace\code\SmartVC\SmartVC_platform\SmartVC\Debug\filefunc.obj
Z:\workspace\code\SmartVC\SmartVC_platform\SmartVC\Debug\strfunc.obj
Z:\workspace\code\SmartVC\SmartVC_platform\SmartVC\Debug\SmartVC.ilk
Z:\workspace\code\SmartVC\SmartVC_platform\SmartVC\Debug\link.10016-rc.read.1.tlog
Z:\workspace\code\SmartVC\SmartVC_platform\SmartVC\Debug\link.10016.write.1.tlog
Z:\workspace\code\SmartVC\SmartVC_platform\SmartVC\Debug\link.10016-cvtres.write.1.tlog
Z:\workspace\code\SmartVC\SmartVC_platform\SmartVC\Debug\CL.write.1.tlog
Z:\workspace\code\SmartVC\SmartVC_platform\SmartVC\Debug\link-cvtres.write.1.tlog
Z:\workspace\code\SmartVC\SmartVC_platform\SmartVC\Debug\link.read.1.tlog
Z:\workspace\code\SmartVC\SmartVC_platform\SmartVC\Debug\CL.read.1.tlog
Z:\workspace\code\SmartVC\SmartVC_platform\SmartVC\Debug\link-cvtres.read.1.tlog
Z:\workspace\code\SmartVC\SmartVC_platform\SmartVC\Debug\link-rc.write.1.tlog
Z:\workspace\code\SmartVC\SmartVC_platform\SmartVC\Debug\link-rc.read.1.tlog
Z:\workspace\code\SmartVC\SmartVC_platform\SmartVC\Debug\link.10016-rc.write.1.tlog
Z:\workspace\code\SmartVC\SmartVC_platform\SmartVC\Debug\link.10016-cvtres.read.1.tlog
Z:\workspace\code\SmartVC\SmartVC_platform\SmartVC\Debug\cl.command.1.tlog
Z:\workspace\code\SmartVC\SmartVC_platform\SmartVC\Debug\link.write.1.tlog
Z:\workspace\code\SmartVC\SmartVC_platform\SmartVC\Debug\link.command.1.tlog
Z:\workspace\code\SmartVC\SmartVC_platform\SmartVC\Debug\link.10016.read.1.tlog
Z:\workspace\code\SmartVC\SmartVC_platform\SmartVC\Debug\SmartVC.pch
Z:\workspace\code\SmartVC\SmartVC_platform\SmartVC\Debug\vc110.idb
Z:\workspace\code\SmartVC\SmartVC_platform\SmartVC\Debug\SmartVC.pdb
Z:\workspace\code\SmartVC\SmartVC_platform\SmartVC\Debug\vc110.pdb
Z:\workspace\code\SmartVC\SmartVC_platform\SmartVC\Debug\SmartVC.exe
