生成启动时间为 2018/3/11 22:11:15。
     1>项目“Z:\workspace\code\SmartVC\SmartVC_platform\SmartVC\SmartVC.vcxproj”在节点 2 上(Build 个目标)。
     1>ClCompile:
         E:\Installed\ProgramTools\vs\vs2012\VC\bin\x86_amd64\CL.exe /c /IZ:\workspace\thirdlib\pthread_win32 /Zi /nologo /W3 /WX- /sdl /Od /D WIN32 /D _DEBUG /D _CONSOLE /D _UNICODE /D UNICODE /D _CRT_SECURE_NO_WARNINGS /Gm /EHsc /RTC1 /MDd /GS /fp:precise /Zc:wchar_t /Zc:forScope /Fo"x64\Debug\\" /Fd"x64\Debug\vc110.pdb" /Gd /TP /errorReport:prompt SmartVC.cpp src\log\log.cpp src\system_signal\system_signal.c
         SmartVC.cpp
     1>SmartVC.cpp(20): warning C4267: “参数”: 从“size_t”转换到“int”，可能丢失数据
     1>SmartVC.cpp(49): warning C4267: “参数”: 从“size_t”转换到“unsigned int”，可能丢失数据
     1>SmartVC.cpp(53): warning C4267: “参数”: 从“size_t”转换到“int”，可能丢失数据
         正在生成代码...
         正在跳过...(未检测到相关更改)
         system_signal.c
         log.cpp
       Link:
         E:\Installed\ProgramTools\vs\vs2012\VC\bin\x86_amd64\link.exe /ERRORREPORT:PROMPT /OUT:"Z:\workspace\code\SmartVC\SmartVC_platform\SmartVC\x64\Debug\SmartVC.exe" /INCREMENTAL /NOLOGO pthreadVC2.lib kernel32.lib user32.lib gdi32.lib winspool.lib comdlg32.lib advapi32.lib shell32.lib ole32.lib oleaut32.lib uuid.lib odbc32.lib odbccp32.lib /MANIFEST /MANIFESTUAC:"level='asInvoker' uiAccess='false'" /manifest:embed /DEBUG /PDB:"Z:\workspace\code\SmartVC\SmartVC_platform\SmartVC\x64\Debug\SmartVC.pdb" /SUBSYSTEM:CONSOLE /TLBID:1 /DYNAMICBASE /NXCOMPAT /IMPLIB:"Z:\workspace\code\SmartVC\SmartVC_platform\SmartVC\x64\Debug\SmartVC.lib" /MACHINE:X64 x64\Debug\SmartVC.obj
         x64\Debug\log.obj
         x64\Debug\system_signal.obj
         x64\Debug\stdafx.obj
         x64\Debug\base64.obj
         x64\Debug\cJSON.obj
         x64\Debug\filefunc.obj
         x64\Debug\inirw.obj
         x64\Debug\strfunc.obj
         SmartVC.vcxproj -> Z:\workspace\code\SmartVC\SmartVC_platform\SmartVC\x64\Debug\SmartVC.exe
     1>已完成生成项目“Z:\workspace\code\SmartVC\SmartVC_platform\SmartVC\SmartVC.vcxproj”(Build 个目标)的操作。

生成成功。

已用时间 00:00:05.70
